# JRE version: OpenJDK Runtime Environment Microsoft-13106358 (17.0.18+8) (build 17.0.18+8-LTS)
# Java VM: OpenJDK 64-Bit Server VM Microsoft-13106358 (17.0.18+8-LTS, mixed mode, sharing, tiered, compressed oops, compressed class ptrs, g1 gc, windows-amd64)
GC Precious Log:
 CPUs: 12 total, 12 available
 Memory: 16108M
 Large Page Support: Disabled
 NUMA Support: Disabled
 Compressed Oops: Enabled (32-bit)
 Heap Region Size: 1M
 Heap Min Capacity: 8M
 Heap Initial Capacity: 252M
 Heap Max Capacity: 1G
 Pre-touch: Disabled
 Parallel Workers: 10
 Concurrent Workers: 3
 Concurrent Refinement Workers: 10
 Periodic GC: Disabled
Heap:
 garbage-first heap   total 470016K, used 330752K [0x00000000c0000000, 0x0000000100000000)
  region size 1024K, 41 young (41984K), 11 survivors (11264K)
 Metaspace       used 171212K, committed 172544K, reserved 524288K
  class space    used 21372K, committed 22016K, reserved 327680K
GC Heap History (20 events):
Event: 134.849 GC heap before
{Heap before GC invocations=176 (full 0):
 garbage-first heap   total 470016K, used 378880K [0x00000000c0000000, 0x0000000100000000)
  region size 1024K, 54 young (55296K), 9 survivors (9216K)
 Metaspace       used 164048K, committed 165248K, reserved 524288K
  class space    used 20539K, committed 21120K, reserved 327680K
}
Event: 134.864 GC heap after
{Heap after GC invocations=177 (full 0):
 garbage-first heap   total 470016K, used 343040K [0x00000000c0000000, 0x0000000100000000)
  region size 1024K, 7 young (7168K), 7 survivors (7168K)
 Metaspace       used 164048K, committed 165248K, reserved 524288K
  class space    used 20539K, committed 21120K, reserved 327680K
}
Event: 135.672 GC heap before
{Heap before GC invocations=178 (full 0):
 garbage-first heap   total 470016K, used 294912K [0x00000000c0000000, 0x0000000100000000)
  region size 1024K, 49 young (50176K), 7 survivors (7168K)
 Metaspace       used 166917K, committed 168128K, reserved 524288K
  class space    used 20916K, committed 21504K, reserved 327680K
}
Event: 135.682 GC heap after
{Heap after GC invocations=179 (full 0):
 garbage-first heap   total 470016K, used 253920K [0x00000000c0000000, 0x0000000100000000)
  region size 1024K, 2 young (2048K), 2 survivors (2048K)
 Metaspace       used 166917K, committed 168128K, reserved 524288K
  class space    used 20916K, committed 21504K, reserved 327680K
}
Event: 135.917 GC heap before
{Heap before GC invocations=179 (full 0):
 garbage-first heap   total 470016K, used 274400K [0x00000000c0000000, 0x0000000100000000)
  region size 1024K, 22 young (22528K), 2 survivors (2048K)
 Metaspace       used 168487K, committed 169728K, reserved 524288K
  class space    used 21143K, committed 21760K, reserved 327680K
}
Event: 135.929 GC heap after
{Heap after GC invocations=180 (full 0):
 garbage-first heap   total 470016K, used 213865K [0x00000000c0000000, 0x0000000100000000)
  region size 1024K, 1 young (1024K), 1 survivors (1024K)
 Metaspace       used 168487K, committed 169728K, reserved 524288K
  class space    used 21143K, committed 21760K, reserved 327680K
}
Event: 136.118 GC heap before
{Heap before GC invocations=180 (full 0):
 garbage-first heap   total 470016K, used 242537K [0x00000000c0000000, 0x0000000100000000)
  region size 1024K, 22 young (22528K), 1 survivors (1024K)
 Metaspace       used 169056K, committed 170304K, reserved 524288K
  class space    used 21225K, committed 21824K, reserved 327680K
}
Event: 136.123 GC heap after
{Heap after GC invocations=181 (full 0):
 garbage-first heap   total 470016K, used 209323K [0x00000000c0000000, 0x0000000100000000)
  region size 1024K, 2 young (2048K), 2 survivors (2048K)
 Metaspace       used 169056K, committed 170304K, reserved 524288K
  class space    used 21225K, committed 21824K, reserved 327680K
}
Event: 137.424 GC heap before
{Heap before GC invocations=181 (full 0):
 garbage-first heap   total 470016K, used 324011K [0x00000000c0000000, 0x0000000100000000)
  region size 1024K, 114 young (116736K), 2 survivors (2048K)
 Metaspace       used 169116K, committed 170368K, reserved 524288K
  class space    used 21225K, committed 21824K, reserved 327680K
}
Event: 137.433 GC heap after
{Heap after GC invocations=182 (full 0):
 garbage-first heap   total 470016K, used 241211K [0x00000000c0000000, 0x0000000100000000)
  region size 1024K, 15 young (15360K), 15 survivors (15360K)
 Metaspace       used 169116K, committed 170368K, reserved 524288K
  class space    used 21225K, committed 21824K, reserved 327680K
}
Event: 139.809 GC heap before
{Heap before GC invocations=182 (full 0):
 garbage-first heap   total 470016K, used 339515K [0x00000000c0000000, 0x0000000100000000)
  region size 1024K, 110 young (112640K), 15 survivors (15360K)
 Metaspace       used 170547K, committed 171776K, reserved 524288K
  class space    used 21347K, committed 21952K, reserved 327680K
}
Event: 139.840 GC heap after
{Heap after GC invocations=183 (full 0):
 garbage-first heap   total 470016K, used 267135K [0x00000000c0000000, 0x0000000100000000)
  region size 1024K, 14 young (14336K), 14 survivors (14336K)
 Metaspace       used 170547K, committed 171776K, reserved 524288K
  class space    used 21347K, committed 21952K, reserved 327680K
}
Event: 142.567 GC heap before
{Heap before GC invocations=183 (full 0):
 garbage-first heap   total 470016K, used 360319K [0x00000000c0000000, 0x0000000100000000)
  region size 1024K, 98 young (100352K), 14 survivors (14336K)
 Metaspace       used 170791K, committed 172032K, reserved 524288K
  class space    used 21349K, committed 21952K, reserved 327680K
}
Event: 142.583 GC heap after
{Heap after GC invocations=184 (full 0):
 garbage-first heap   total 470016K, used 271516K [0x00000000c0000000, 0x0000000100000000)
  region size 1024K, 4 young (4096K), 4 survivors (4096K)
 Metaspace       used 170791K, committed 172032K, reserved 524288K
  class space    used 21349K, committed 21952K, reserved 327680K
}
Event: 143.684 GC heap before
{Heap before GC invocations=184 (full 0):
 garbage-first heap   total 470016K, used 361628K [0x00000000c0000000, 0x0000000100000000)
  region size 1024K, 93 young (95232K), 4 survivors (4096K)
 Metaspace       used 170799K, committed 172032K, reserved 524288K
  class space    used 21349K, committed 21952K, reserved 327680K
}
Event: 143.687 GC heap after
{Heap after GC invocations=185 (full 0):
 garbage-first heap   total 470016K, used 271049K [0x00000000c0000000, 0x0000000100000000)
  region size 1024K, 3 young (3072K), 3 survivors (3072K)
 Metaspace       used 170799K, committed 172032K, reserved 524288K
  class space    used 21349K, committed 21952K, reserved 327680K
}
Event: 144.044 GC heap before
{Heap before GC invocations=185 (full 0):
 garbage-first heap   total 470016K, used 371401K [0x00000000c0000000, 0x0000000100000000)
  region size 1024K, 100 young (102400K), 3 survivors (3072K)
 Metaspace       used 170844K, committed 172096K, reserved 524288K
  class space    used 21352K, committed 21952K, reserved 327680K
}
Event: 144.055 GC heap after
{Heap after GC invocations=186 (full 0):
 garbage-first heap   total 470016K, used 304523K [0x00000000c0000000, 0x0000000100000000)
  region size 1024K, 13 young (13312K), 13 survivors (13312K)
 Metaspace       used 170844K, committed 172096K, reserved 524288K
  class space    used 21352K, committed 21952K, reserved 327680K
}
Event: 144.536 GC heap before
{Heap before GC invocations=186 (full 0):
 garbage-first heap   total 470016K, used 377227K [0x00000000c0000000, 0x0000000100000000)
  region size 1024K, 84 young (86016K), 13 survivors (13312K)
 Metaspace       used 171155K, committed 172480K, reserved 524288K
  class space    used 21372K, committed 22016K, reserved 327680K
}
Event: 144.561 GC heap after
{Heap after GC invocations=187 (full 0):
 garbage-first heap   total 470016K, used 326656K [0x00000000c0000000, 0x0000000100000000)
  region size 1024K, 11 young (11264K), 11 survivors (11264K)
 Metaspace       used 171155K, committed 172480K, reserved 524288K
  class space    used 21372K, committed 22016K, reserved 327680K
}

