# JRE version: OpenJDK Runtime Environment Microsoft-13106358 (17.0.18+8) (build 17.0.18+8-LTS)
# Java VM: OpenJDK 64-Bit Server VM Microsoft-13106358 (17.0.18+8-LTS, mixed mode, sharing, tiered, compressed oops, compressed class ptrs, g1 gc, windows-amd64)
GC Precious Log:
 CPUs: 12 total, 12 available
 Memory: 16108M
 Large Page Support: Disabled
 NUMA Support: Disabled
 Compressed Oops: Enabled (Zero based)
 Heap Region Size: 2M
 Heap Min Capacity: 8M
 Heap Initial Capacity: 252M
 Heap Max Capacity: 4028M
 Pre-touch: Disabled
 Parallel Workers: 10
 Concurrent Workers: 3
 Concurrent Refinement Workers: 10
 Periodic GC: Disabled
Heap:
 garbage-first heap   total 81920K, used 48766K [0x0000000704400000, 0x0000000800000000)
  region size 2048K, 22 young (45056K), 5 survivors (10240K)
 Metaspace       used 28004K, committed 28160K, reserved 1114112K
  class space    used 3465K, committed 3520K, reserved 1048576K
GC Heap History (6 events):
Event: 5.496 GC heap before
{Heap before GC invocations=0 (full 0):
 garbage-first heap   total 258048K, used 24576K [0x0000000704400000, 0x0000000800000000)
  region size 2048K, 11 young (22528K), 0 survivors (0K)
 Metaspace       used 6603K, committed 6720K, reserved 1114112K
  class space    used 602K, committed 640K, reserved 1048576K
}
Event: 5.525 GC heap after
{Heap after GC invocations=1 (full 0):
 garbage-first heap   total 258048K, used 6906K [0x0000000704400000, 0x0000000800000000)
  region size 2048K, 2 young (4096K), 2 survivors (4096K)
 Metaspace       used 6603K, committed 6720K, reserved 1114112K
  class space    used 602K, committed 640K, reserved 1048576K
}
Event: 11.301 GC heap before
{Heap before GC invocations=1 (full 0):
 garbage-first heap   total 258048K, used 41722K [0x0000000704400000, 0x0000000800000000)
  region size 2048K, 19 young (38912K), 2 survivors (4096K)
 Metaspace       used 13763K, committed 13952K, reserved 1114112K
  class space    used 1479K, committed 1600K, reserved 1048576K
}
Event: 11.309 GC heap after
{Heap after GC invocations=2 (full 0):
 garbage-first heap   total 258048K, used 13132K [0x0000000704400000, 0x0000000800000000)
  region size 2048K, 3 young (6144K), 3 survivors (6144K)
 Metaspace       used 13763K, committed 13952K, reserved 1114112K
  class space    used 1479K, committed 1600K, reserved 1048576K
}
Event: 18.870 GC heap before
{Heap before GC invocations=2 (full 0):
 garbage-first heap   total 258048K, used 41804K [0x0000000704400000, 0x0000000800000000)
  region size 2048K, 18 young (36864K), 3 survivors (6144K)
 Metaspace       used 21312K, committed 21504K, reserved 1114112K
  class space    used 2793K, committed 2880K, reserved 1048576K
}
Event: 18.890 GC heap after
{Heap after GC invocations=3 (full 0):
 garbage-first heap   total 258048K, used 15998K [0x0000000704400000, 0x0000000800000000)
  region size 2048K, 5 young (10240K), 5 survivors (10240K)
 Metaspace       used 21312K, committed 21504K, reserved 1114112K
  class space    used 2793K, committed 2880K, reserved 1048576K
}

