# JRE version: OpenJDK Runtime Environment Microsoft-13106358 (17.0.18+8) (build 17.0.18+8-LTS)
# Java VM: OpenJDK 64-Bit Server VM Microsoft-13106358 (17.0.18+8-LTS, mixed mode, sharing, tiered, compressed oops, compressed class ptrs, g1 gc, windows-amd64)
GC Precious Log:
 CPUs: 12 total, 12 available
 Memory: 16108M
 Large Page Support: Disabled
 NUMA Support: Disabled
 Compressed Oops: Enabled (32-bit)
 Heap Region Size: 1M
 Heap Min Capacity: 8M
 Heap Initial Capacity: 252M
 Heap Max Capacity: 1G
 Pre-touch: Disabled
 Parallel Workers: 10
 Concurrent Workers: 3
 Concurrent Refinement Workers: 10
 Periodic GC: Disabled
Heap:
 garbage-first heap   total 337920K, used 273203K [0x00000000c0000000, 0x0000000100000000)
  region size 1024K, 18 young (18432K), 5 survivors (5120K)
 Metaspace       used 124285K, committed 126336K, reserved 458752K
  class space    used 17328K, committed 18304K, reserved 327680K
GC Heap History (20 events):
Event: 48.164 GC heap before
{Heap before GC invocations=66 (full 0):
 garbage-first heap   total 337920K, used 282306K [0x00000000c0000000, 0x0000000100000000)
  region size 1024K, 93 young (95232K), 8 survivors (8192K)
 Metaspace       used 118633K, committed 120512K, reserved 458752K
  class space    used 16673K, committed 17536K, reserved 327680K
}
Event: 48.171 GC heap after
{Heap after GC invocations=67 (full 0):
 garbage-first heap   total 337920K, used 202695K [0x00000000c0000000, 0x0000000100000000)
  region size 1024K, 10 young (10240K), 10 survivors (10240K)
 Metaspace       used 118633K, committed 120512K, reserved 458752K
  class space    used 16673K, committed 17536K, reserved 327680K
}
Event: 48.524 GC heap before
{Heap before GC invocations=67 (full 0):
 garbage-first heap   total 337920K, used 278471K [0x00000000c0000000, 0x0000000100000000)
  region size 1024K, 85 young (87040K), 10 survivors (10240K)
 Metaspace       used 118721K, committed 120640K, reserved 458752K
  class space    used 16679K, committed 17536K, reserved 327680K
}
Event: 48.531 GC heap after
{Heap after GC invocations=68 (full 0):
 garbage-first heap   total 337920K, used 206733K [0x00000000c0000000, 0x0000000100000000)
  region size 1024K, 7 young (7168K), 7 survivors (7168K)
 Metaspace       used 118721K, committed 120640K, reserved 458752K
  class space    used 16679K, committed 17536K, reserved 327680K
}
Event: 48.670 GC heap before
{Heap before GC invocations=68 (full 0):
 garbage-first heap   total 337920K, used 280461K [0x00000000c0000000, 0x0000000100000000)
  region size 1024K, 80 young (81920K), 7 survivors (7168K)
 Metaspace       used 118721K, committed 120640K, reserved 458752K
  class space    used 16679K, committed 17536K, reserved 327680K
}
Event: 48.676 GC heap after
{Heap after GC invocations=69 (full 0):
 garbage-first heap   total 337920K, used 208783K [0x00000000c0000000, 0x0000000100000000)
  region size 1024K, 5 young (5120K), 5 survivors (5120K)
 Metaspace       used 118721K, committed 120640K, reserved 458752K
  class space    used 16679K, committed 17536K, reserved 327680K
}
Event: 49.243 GC heap before
{Heap before GC invocations=69 (full 0):
 garbage-first heap   total 337920K, used 287631K [0x00000000c0000000, 0x0000000100000000)
  region size 1024K, 78 young (79872K), 5 survivors (5120K)
 Metaspace       used 118938K, committed 120896K, reserved 458752K
  class space    used 16704K, committed 17600K, reserved 327680K
}
Event: 49.250 GC heap after
{Heap after GC invocations=70 (full 0):
 garbage-first heap   total 337920K, used 224126K [0x00000000c0000000, 0x0000000100000000)
  region size 1024K, 10 young (10240K), 10 survivors (10240K)
 Metaspace       used 118938K, committed 120896K, reserved 458752K
  class space    used 16704K, committed 17600K, reserved 327680K
}
Event: 49.332 GC heap before
{Heap before GC invocations=70 (full 0):
 garbage-first heap   total 337920K, used 279422K [0x00000000c0000000, 0x0000000100000000)
  region size 1024K, 65 young (66560K), 10 survivors (10240K)
 Metaspace       used 118938K, committed 120896K, reserved 458752K
  class space    used 16704K, committed 17600K, reserved 327680K
}
Event: 49.337 GC heap after
{Heap after GC invocations=71 (full 0):
 garbage-first heap   total 337920K, used 228230K [0x00000000c0000000, 0x0000000100000000)
  region size 1024K, 4 young (4096K), 4 survivors (4096K)
 Metaspace       used 118938K, committed 120896K, reserved 458752K
  class space    used 16704K, committed 17600K, reserved 327680K
}
Event: 49.421 GC heap before
{Heap before GC invocations=71 (full 0):
 garbage-first heap   total 337920K, used 282502K [0x00000000c0000000, 0x0000000100000000)
  region size 1024K, 58 young (59392K), 4 survivors (4096K)
 Metaspace       used 118938K, committed 120896K, reserved 458752K
  class space    used 16704K, committed 17600K, reserved 327680K
}
Event: 49.424 GC heap after
{Heap after GC invocations=72 (full 0):
 garbage-first heap   total 337920K, used 228996K [0x00000000c0000000, 0x0000000100000000)
  region size 1024K, 5 young (5120K), 5 survivors (5120K)
 Metaspace       used 118938K, committed 120896K, reserved 458752K
  class space    used 16704K, committed 17600K, reserved 327680K
}
Event: 50.396 GC heap before
{Heap before GC invocations=72 (full 0):
 garbage-first heap   total 337920K, used 288388K [0x00000000c0000000, 0x0000000100000000)
  region size 1024K, 60 young (61440K), 5 survivors (5120K)
 Metaspace       used 119396K, committed 121408K, reserved 458752K
  class space    used 16774K, committed 17728K, reserved 327680K
}
Event: 50.404 GC heap after
{Heap after GC invocations=73 (full 0):
 garbage-first heap   total 337920K, used 242150K [0x00000000c0000000, 0x0000000100000000)
  region size 1024K, 8 young (8192K), 8 survivors (8192K)
 Metaspace       used 119396K, committed 121408K, reserved 458752K
  class space    used 16774K, committed 17728K, reserved 327680K
}
Event: 51.378 GC heap before
{Heap before GC invocations=73 (full 0):
 garbage-first heap   total 337920K, used 285158K [0x00000000c0000000, 0x0000000100000000)
  region size 1024K, 50 young (51200K), 8 survivors (8192K)
 Metaspace       used 121896K, committed 123904K, reserved 458752K
  class space    used 17033K, committed 17984K, reserved 327680K
}
Event: 51.392 GC heap after
{Heap after GC invocations=74 (full 0):
 garbage-first heap   total 337920K, used 249940K [0x00000000c0000000, 0x0000000100000000)
  region size 1024K, 7 young (7168K), 7 survivors (7168K)
 Metaspace       used 121896K, committed 123904K, reserved 458752K
  class space    used 17033K, committed 17984K, reserved 327680K
}
Event: 51.765 GC heap before
{Heap before GC invocations=74 (full 0):
 garbage-first heap   total 337920K, used 285780K [0x00000000c0000000, 0x0000000100000000)
  region size 1024K, 43 young (44032K), 7 survivors (7168K)
 Metaspace       used 123521K, committed 125504K, reserved 458752K
  class space    used 17242K, committed 18176K, reserved 327680K
}
Event: 51.779 GC heap after
{Heap after GC invocations=75 (full 0):
 garbage-first heap   total 337920K, used 253055K [0x00000000c0000000, 0x0000000100000000)
  region size 1024K, 3 young (3072K), 3 survivors (3072K)
 Metaspace       used 123521K, committed 125504K, reserved 458752K
  class space    used 17242K, committed 18176K, reserved 327680K
}
Event: 52.199 GC heap before
{Heap before GC invocations=75 (full 0):
 garbage-first heap   total 337920K, used 288895K [0x00000000c0000000, 0x0000000100000000)
  region size 1024K, 38 young (38912K), 3 survivors (3072K)
 Metaspace       used 124219K, committed 126272K, reserved 458752K
  class space    used 17326K, committed 18304K, reserved 327680K
}
Event: 52.208 GC heap after
{Heap after GC invocations=76 (full 0):
 garbage-first heap   total 337920K, used 260915K [0x00000000c0000000, 0x0000000100000000)
  region size 1024K, 5 young (5120K), 5 survivors (5120K)
 Metaspace       used 124219K, committed 126272K, reserved 458752K
  class space    used 17326K, committed 18304K, reserved 327680K
}

