# JRE version: OpenJDK Runtime Environment Microsoft-13106358 (17.0.18+8) (build 17.0.18+8-LTS)
# Java VM: OpenJDK 64-Bit Server VM Microsoft-13106358 (17.0.18+8-LTS, mixed mode, sharing, tiered, compressed oops, compressed class ptrs, g1 gc, windows-amd64)
GC Precious Log:
 CPUs: 12 total, 12 available
 Memory: 16108M
 Large Page Support: Disabled
 NUMA Support: Disabled
 Compressed Oops: Enabled (32-bit)
 Heap Region Size: 1M
 Heap Min Capacity: 8M
 Heap Initial Capacity: 252M
 Heap Max Capacity: 1G
 Pre-touch: Disabled
 Parallel Workers: 10
 Concurrent Workers: 3
 Concurrent Refinement Workers: 10
 Periodic GC: Disabled
Heap:
 garbage-first heap   total 346112K, used 299008K [0x00000000c0000000, 0x0000000100000000)
  region size 1024K, 42 young (43008K), 6 survivors (6144K)
 Metaspace       used 127391K, committed 129408K, reserved 458752K
  class space    used 17805K, committed 18752K, reserved 327680K
GC Heap History (20 events):
Event: 34.027 GC heap before
{Heap before GC invocations=61 (full 0):
 garbage-first heap   total 303104K, used 255940K [0x00000000c0000000, 0x0000000100000000)
  region size 1024K, 43 young (44032K), 4 survivors (4096K)
 Metaspace       used 113409K, committed 115264K, reserved 458752K
  class space    used 16049K, committed 16896K, reserved 327680K
}
Event: 34.029 GC heap after
{Heap after GC invocations=62 (full 0):
 garbage-first heap   total 303104K, used 217481K [0x00000000c0000000, 0x0000000100000000)
  region size 1024K, 4 young (4096K), 4 survivors (4096K)
 Metaspace       used 113409K, committed 115264K, reserved 458752K
  class space    used 16049K, committed 16896K, reserved 327680K
}
Event: 34.087 GC heap before
{Heap before GC invocations=62 (full 0):
 garbage-first heap   total 303104K, used 257417K [0x00000000c0000000, 0x0000000100000000)
  region size 1024K, 44 young (45056K), 4 survivors (4096K)
 Metaspace       used 113409K, committed 115264K, reserved 458752K
  class space    used 16049K, committed 16896K, reserved 327680K
}
Event: 34.090 GC heap after
{Heap after GC invocations=63 (full 0):
 garbage-first heap   total 303104K, used 218456K [0x00000000c0000000, 0x0000000100000000)
  region size 1024K, 4 young (4096K), 4 survivors (4096K)
 Metaspace       used 113409K, committed 115264K, reserved 458752K
  class space    used 16049K, committed 16896K, reserved 327680K
}
Event: 34.168 GC heap before
{Heap before GC invocations=63 (full 0):
 garbage-first heap   total 303104K, used 227672K [0x00000000c0000000, 0x0000000100000000)
  region size 1024K, 12 young (12288K), 4 survivors (4096K)
 Metaspace       used 113473K, committed 115328K, reserved 458752K
  class space    used 16058K, committed 16896K, reserved 327680K
}
Event: 34.172 GC heap after
{Heap after GC invocations=64 (full 0):
 garbage-first heap   total 346112K, used 222402K [0x00000000c0000000, 0x0000000100000000)
  region size 1024K, 6 young (6144K), 6 survivors (6144K)
 Metaspace       used 113473K, committed 115328K, reserved 458752K
  class space    used 16058K, committed 16896K, reserved 327680K
}
Event: 35.299 GC heap before
{Heap before GC invocations=64 (full 0):
 garbage-first heap   total 346112K, used 287938K [0x00000000c0000000, 0x0000000100000000)
  region size 1024K, 69 young (70656K), 6 survivors (6144K)
 Metaspace       used 116247K, committed 118080K, reserved 458752K
  class space    used 16372K, committed 17216K, reserved 327680K
}
Event: 35.312 GC heap after
{Heap after GC invocations=65 (full 0):
 garbage-first heap   total 346112K, used 234018K [0x00000000c0000000, 0x0000000100000000)
  region size 1024K, 9 young (9216K), 9 survivors (9216K)
 Metaspace       used 116247K, committed 118080K, reserved 458752K
  class space    used 16372K, committed 17216K, reserved 327680K
}
Event: 36.172 GC heap before
{Heap before GC invocations=65 (full 0):
 garbage-first heap   total 346112K, used 289314K [0x00000000c0000000, 0x0000000100000000)
  region size 1024K, 64 young (65536K), 9 survivors (9216K)
 Metaspace       used 117983K, committed 119872K, reserved 458752K
  class space    used 16592K, committed 17472K, reserved 327680K
}
Event: 36.183 GC heap after
{Heap after GC invocations=66 (full 0):
 garbage-first heap   total 346112K, used 242180K [0x00000000c0000000, 0x0000000100000000)
  region size 1024K, 8 young (8192K), 8 survivors (8192K)
 Metaspace       used 117983K, committed 119872K, reserved 458752K
  class space    used 16592K, committed 17472K, reserved 327680K
}
Event: 36.714 GC heap before
{Heap before GC invocations=66 (full 0):
 garbage-first heap   total 346112K, used 291332K [0x00000000c0000000, 0x0000000100000000)
  region size 1024K, 56 young (57344K), 8 survivors (8192K)
 Metaspace       used 118696K, committed 120576K, reserved 458752K
  class space    used 16673K, committed 17536K, reserved 327680K
}
Event: 36.724 GC heap after
{Heap after GC invocations=67 (full 0):
 garbage-first heap   total 346112K, used 252026K [0x00000000c0000000, 0x0000000100000000)
  region size 1024K, 7 young (7168K), 7 survivors (7168K)
 Metaspace       used 118696K, committed 120576K, reserved 458752K
  class space    used 16673K, committed 17536K, reserved 327680K
}
Event: 37.252 GC heap before
{Heap before GC invocations=67 (full 0):
 garbage-first heap   total 346112K, used 294010K [0x00000000c0000000, 0x0000000100000000)
  region size 1024K, 48 young (49152K), 7 survivors (7168K)
 Metaspace       used 121203K, committed 123200K, reserved 458752K
  class space    used 16972K, committed 17920K, reserved 327680K
}
Event: 37.265 GC heap after
{Heap after GC invocations=68 (full 0):
 garbage-first heap   total 346112K, used 255155K [0x00000000c0000000, 0x0000000100000000)
  region size 1024K, 3 young (3072K), 3 survivors (3072K)
 Metaspace       used 121203K, committed 123200K, reserved 458752K
  class space    used 16972K, committed 17920K, reserved 327680K
}
Event: 37.739 GC heap before
{Heap before GC invocations=68 (full 0):
 garbage-first heap   total 346112K, used 296115K [0x00000000c0000000, 0x0000000100000000)
  region size 1024K, 43 young (44032K), 3 survivors (3072K)
 Metaspace       used 123893K, committed 125888K, reserved 458752K
  class space    used 17327K, committed 18240K, reserved 327680K
}
Event: 37.747 GC heap after
{Heap after GC invocations=69 (full 0):
 garbage-first heap   total 346112K, used 256981K [0x00000000c0000000, 0x0000000100000000)
  region size 1024K, 5 young (5120K), 5 survivors (5120K)
 Metaspace       used 123893K, committed 125888K, reserved 458752K
  class space    used 17327K, committed 18240K, reserved 327680K
}
Event: 38.287 GC heap before
{Heap before GC invocations=69 (full 0):
 garbage-first heap   total 346112K, used 297941K [0x00000000c0000000, 0x0000000100000000)
  region size 1024K, 45 young (46080K), 5 survivors (5120K)
 Metaspace       used 126507K, committed 128512K, reserved 458752K
  class space    used 17709K, committed 18624K, reserved 327680K
}
Event: 38.297 GC heap after
{Heap after GC invocations=70 (full 0):
 garbage-first heap   total 346112K, used 258503K [0x00000000c0000000, 0x0000000100000000)
  region size 1024K, 4 young (4096K), 4 survivors (4096K)
 Metaspace       used 126507K, committed 128512K, reserved 458752K
  class space    used 17709K, committed 18624K, reserved 327680K
}
Event: 38.803 GC heap before
{Heap before GC invocations=70 (full 0):
 garbage-first heap   total 346112K, used 299463K [0x00000000c0000000, 0x0000000100000000)
  region size 1024K, 44 young (45056K), 4 survivors (4096K)
 Metaspace       used 127176K, committed 129216K, reserved 458752K
  class space    used 17782K, committed 18752K, reserved 327680K
}
Event: 38.809 GC heap after
{Heap after GC invocations=71 (full 0):
 garbage-first heap   total 346112K, used 263168K [0x00000000c0000000, 0x0000000100000000)
  region size 1024K, 6 young (6144K), 6 survivors (6144K)
 Metaspace       used 127176K, committed 129216K, reserved 458752K
  class space    used 17782K, committed 18752K, reserved 327680K
}

